Determining if the pthread_create exist failed with the following output:
Change Dir: /opt/ros/indigo/share/pi_speech_tutorial/build/CMakeFiles/CMakeTmp

Run Build Command:/usr/bin/make "cmTryCompileExec1687825445/fast"
make[1]: Entering directory `/opt/ros/indigo/share/pi_speech_tutorial/build/CMakeFiles/CMakeTmp'
/usr/bin/make -f CMakeFiles/cmTryCompileExec1687825445.dir/build.make CMakeFiles/cmTryCompileExec1687825445.dir/build
make[2]: Entering directory `/opt/ros/indigo/share/pi_speech_tutorial/build/CMakeFiles/CMakeTmp'
/usr/bin/cmake -E cmake_progress_report /opt/ros/indigo/share/pi_speech_tutorial/build/CMakeFiles/CMakeTmp/CMakeFiles 1
Building C object CMakeFiles/cmTryCompileExec1687825445.dir/CheckSymbolExists.c.o
/usr/bin/cc    -o CMakeFiles/cmTryCompileExec1687825445.dir/CheckSymbolExists.c.o   -c /opt/ros/indigo/share/pi_speech_tutorial/build/CMakeFiles/CMakeTmp/CheckSymbolExists.c
Linking C executable cmTryCompileExec1687825445
/usr/bin/cmake -E cmake_link_script CMakeFiles/cmTryCompileExec1687825445.dir/link.txt --verbose=1
/usr/bin/cc       CMakeFiles/cmTryCompileExec1687825445.dir/CheckSymbolExists.c.o  -o cmTryCompileExec1687825445 -rdynamic 
CMakeFiles/cmTryCompileExec1687825445.dir/CheckSymbolExists.c.o: In function `main':
CheckSymbolExists.c:(.text+0x16): undefined reference to `pthread_create'
collect2: error: ld returned 1 exit status
make[2]: Leaving directory `/opt/ros/indigo/share/pi_speech_tutorial/build/CMakeFiles/CMakeTmp'
make[2]: *** [cmTryCompileExec1687825445] Error 1
make[1]: *** [cmTryCompileExec1687825445/fast] Error 2
make[1]: Leaving directory `/opt/ros/indigo/share/pi_speech_tutorial/build/CMakeFiles/CMakeTmp'

File /opt/ros/indigo/share/pi_speech_tutorial/build/CMakeFiles/CMakeTmp/CheckSymbolExists.c:
/* */
#include <pthread.h>

int main(int argc, char** argv)
{
  (void)argv;
#ifndef pthread_create
  return ((int*)(&pthread_create))[argc];
#else
  (void)argc;
  return 0;
#endif
}

Determining if the function pthread_create exists in the pthreads failed with the following output:
Change Dir: /opt/ros/indigo/share/pi_speech_tutorial/build/CMakeFiles/CMakeTmp

Run Build Command:/usr/bin/make "cmTryCompileExec864990903/fast"
make[1]: Entering directory `/opt/ros/indigo/share/pi_speech_tutorial/build/CMakeFiles/CMakeTmp'
/usr/bin/make -f CMakeFiles/cmTryCompileExec864990903.dir/build.make CMakeFiles/cmTryCompileExec864990903.dir/build
make[2]: Entering directory `/opt/ros/indigo/share/pi_speech_tutorial/build/CMakeFiles/CMakeTmp'
/usr/bin/cmake -E cmake_progress_report /opt/ros/indigo/share/pi_speech_tutorial/build/CMakeFiles/CMakeTmp/CMakeFiles 1
Building C object CMakeFiles/cmTryCompileExec864990903.dir/CheckFunctionExists.c.o
/usr/bin/cc   -DCHECK_FUNCTION_EXISTS=pthread_create   -o CMakeFiles/cmTryCompileExec864990903.dir/CheckFunctionExists.c.o   -c /usr/share/cmake-2.8/Modules/CheckFunctionExists.c
Linking C executable cmTryCompileExec864990903
/usr/bin/cmake -E cmake_link_script CMakeFiles/cmTryCompileExec864990903.dir/link.txt --verbose=1
/usr/bin/cc   -DCHECK_FUNCTION_EXISTS=pthread_create    CMakeFiles/cmTryCompileExec864990903.dir/CheckFunctionExists.c.o  -o cmTryCompileExec864990903 -rdynamic -lpthreads 
/usr/bin/ld: cannot find -lpthreads
collect2: error: ld returned 1 exit status
make[2]: Leaving directory `/opt/ros/indigo/share/pi_speech_tutorial/build/CMakeFiles/CMakeTmp'
make[2]: *** [cmTryCompileExec864990903] Error 1
make[1]: *** [cmTryCompileExec864990903/fast] Error 2
make[1]: Leaving directory `/opt/ros/indigo/share/pi_speech_tutorial/build/CMakeFiles/CMakeTmp'


